<?xml version="1.0" encoding="UTF-8"?>
<!-- Generated by org.testng.reporters.JUnitXMLReporter -->
<testsuite hostname="LAPTOP-KVHSCQRU" ignored="0" name="GetAPITests" tests="6" failures="0" timestamp="08 Apr 2021 18:33:13 GMT" time="7.288" errors="0">
  <testcase name="verifyFailResponseDetails" time="3.354" classname="getAPITests.IntigralAPITests"/>
  <testcase name="verifyFailResponseStatus" time="0.315" classname="getAPITests.IntigralAPITests"/>
  <testcase name="verifyGetAPIResponseContents" time="0.779" classname="getAPITests.IntigralAPITests"/>
  <testcase name="verifyGetResponseKeys" time="1.8" classname="getAPITests.IntigralAPITests"/>
  <testcase name="verifyGetResponseLocalizedText" time="0.517" classname="getAPITests.IntigralAPITests"/>
  <testcase name="verifySuccessStatusResponseCode" time="0.483" classname="getAPITests.IntigralAPITests"/>
</testsuite> <!-- GetAPITests -->
