<?xml version="1.0" encoding="UTF-8"?>
<!-- Generated by org.testng.reporters.JUnitXMLReporter -->
<testsuite hostname="LAPTOP-KVHSCQRU" ignored="0" name="Default test" tests="6" failures="0" timestamp="08 Apr 2021 18:03:43 GMT" time="7.48" errors="0">
  <testcase name="verifyFailResponseDetails" time="3.198" classname="getAPITests.IntigralAPITests"/>
  <testcase name="verifyFailResponseStatus" time="0.368" classname="getAPITests.IntigralAPITests"/>
  <testcase name="verifyGetAPIResponseContents" time="1.238" classname="getAPITests.IntigralAPITests"/>
  <testcase name="verifyGetResponseKeys" time="1.707" classname="getAPITests.IntigralAPITests"/>
  <testcase name="verifyGetResponseLocalizedText" time="0.516" classname="getAPITests.IntigralAPITests"/>
  <testcase name="verifySuccessStatusResponseCode" time="0.41" classname="getAPITests.IntigralAPITests"/>
</testsuite> <!-- Default test -->
