<?xml version="1.0" encoding="UTF-8"?>
<!-- Generated by org.testng.reporters.JUnitXMLReporter -->
<testsuite hostname="LAPTOP-KVHSCQRU" ignored="0" name="GetAPITests" tests="5" failures="1" timestamp="08 Apr 2021 14:23:01 GMT" time="4.704" errors="0">
  <testcase name="verifyGetAPIResponseContents" time="2.911" classname="getAPITests.IntigralAPITests">
    <failure type="java.lang.AssertionError" message="expected [movie] but found [movies]">
      <![CDATA[java.lang.AssertionError: expected [movie] but found [movies]
at getAPITests.IntigralAPITests.verifyGetAPIResponseContents(IntigralAPITests.java:54)
... Removed 31 stack frames]]>
    </failure>
  </testcase> <!-- verifyGetAPIResponseContents -->
  <testcase name="verifyGetResponseKeys" time="0.661" classname="getAPITests.IntigralAPITests"/>
  <testcase name="verifyGetResponseStatus" time="0.439" classname="getAPITests.IntigralAPITests"/>
  <testcase name="verifyResponseDetailsWithInvalidKey" time="0.351" classname="getAPITests.IntigralAPITests"/>
  <testcase name="verifyResponseStatusWithInvalidKey" time="0.307" classname="getAPITests.IntigralAPITests"/>
</testsuite> <!-- GetAPITests -->
