<?xml version="1.0" encoding="UTF-8"?>
<!-- Generated by org.testng.reporters.JUnitXMLReporter -->
<testsuite hostname="LAPTOP-KVHSCQRU" ignored="0" name="GetAPITests" tests="6" failures="0" timestamp="08 Apr 2021 18:04:08 GMT" time="6.751" errors="0">
  <testcase name="verifyFailResponseDetails" time="3.04" classname="getAPITests.IntigralAPITests"/>
  <testcase name="verifyFailResponseStatus" time="0.432" classname="getAPITests.IntigralAPITests"/>
  <testcase name="verifyGetAPIResponseContents" time="0.799" classname="getAPITests.IntigralAPITests"/>
  <testcase name="verifyGetResponseKeys" time="1.428" classname="getAPITests.IntigralAPITests"/>
  <testcase name="verifyGetResponseLocalizedText" time="0.496" classname="getAPITests.IntigralAPITests"/>
  <testcase name="verifySuccessStatusResponseCode" time="0.492" classname="getAPITests.IntigralAPITests"/>
</testsuite> <!-- GetAPITests -->
